[2025-11-12 20:37:56] [INFO] Request: GET /
[2025-11-12 20:37:56] [INFO] Response completed in 0ms
[2025-11-12 20:37:59] [INFO] Request: GET /
[2025-11-12 20:37:59] [INFO] Response completed in 0.01ms
[2025-11-12 20:38:13] [INFO] Request: GET /
[2025-11-12 20:38:13] [INFO] Response completed in 0.01ms
[2025-11-12 20:38:14] [INFO] Request: GET /
[2025-11-12 20:38:14] [INFO] Response completed in 0ms
[2025-11-12 20:38:20] [INFO] Request: GET /users
[2025-11-12 20:38:23] [INFO] Request: GET /login
[2025-11-12 20:38:23] [INFO] Response completed in 0.18ms
[2025-11-12 20:38:35] [INFO] Request: GET /
[2025-11-12 20:38:35] [INFO] Response completed in 0ms
[2025-11-12 20:38:36] [INFO] Request: GET /
[2025-11-12 20:38:36] [INFO] Response completed in 0ms
[2025-11-12 20:38:38] [INFO] Request: GET /login
[2025-11-12 20:38:38] [INFO] Response completed in 0.18ms
[2025-11-12 20:39:16] [INFO] Request: GET /login
[2025-11-12 20:39:16] [INFO] Response completed in 0.24ms
[2025-11-12 20:48:28] [INFO] Request: GET /users/create
[2025-11-12 20:48:28] [INFO] Request: GET /login
[2025-11-12 20:48:28] [INFO] Response completed in 0.19ms
[2025-11-12 21:06:29] [INFO] Request: GET /login
[2025-11-12 21:06:29] [INFO] Response completed in 0.25ms
[2025-11-12 21:06:30] [INFO] Request: GET /login
[2025-11-12 21:06:30] [INFO] Response completed in 0.17ms
[2025-11-12 21:06:31] [INFO] Request: GET /login
[2025-11-12 21:06:31] [INFO] Response completed in 0.14ms
[2025-11-12 21:06:34] [INFO] Request: GET /
[2025-11-12 21:06:34] [INFO] Response completed in 0.01ms
[2025-11-12 21:08:06] [ERROR] Exception occurred {"message":"Too few arguments to function Nexus\\Modules\\Exception\\ExceptionServiceProvider::{closure:Nexus\\Modules\\Exception\\ExceptionServiceProvider::register():15}(), 0 passed in \/srv\/http\/projects\/scheduler\/core\/Bootstrap\/Container.php on line 35 and exactly 1 expected","file":"\/srv\/http\/projects\/scheduler\/core\/Modules\/Exception\/ExceptionServiceProvider.php","line":15,"code":0,"trace":"#0 \/srv\/http\/projects\/scheduler\/core\/Bootstrap\/Container.php(35): Nexus\\Modules\\Exception\\ExceptionServiceProvider->{closure:Nexus\\Modules\\Exception\\ExceptionServiceProvider::register():15}()\n#1 \/srv\/http\/projects\/scheduler\/core\/Modules\/Exception\/ExceptionServiceProvider.php(35): Nexus\\Bootstrap\\Container->make()\n#2 \/srv\/http\/projects\/scheduler\/core\/Bootstrap\/Application.php(34): Nexus\\Modules\\Exception\\ExceptionServiceProvider->boot()\n#3 \/srv\/http\/projects\/scheduler\/nexus(16): Nexus\\Bootstrap\\Application->boot()\n#4 {main}","url":null,"method":null,"user_agent":null,"ip":null,"timestamp":"2025-11-12 21:08:06"}
[2025-11-12 21:08:06] [ERROR] Exception: Too few arguments to function Nexus\Modules\Exception\ExceptionServiceProvider::{closure:Nexus\Modules\Exception\ExceptionServiceProvider::register():15}(), 0 passed in /srv/http/projects/scheduler/core/Bootstrap/Container.php on line 35 and exactly 1 expected
[2025-11-12 21:08:06] [ERROR] File: /srv/http/projects/scheduler/core/Modules/Exception/ExceptionServiceProvider.php:15
[2025-11-12 21:08:06] [ERROR] Stack trace:
[2025-11-12 21:08:06] [ERROR] #0 /srv/http/projects/scheduler/core/Bootstrap/Container.php(35): Nexus\Modules\Exception\ExceptionServiceProvider->{closure:Nexus\Modules\Exception\ExceptionServiceProvider::register():15}()
#1 /srv/http/projects/scheduler/core/Modules/Exception/ExceptionServiceProvider.php(35): Nexus\Bootstrap\Container->make()
#2 /srv/http/projects/scheduler/core/Bootstrap/Application.php(34): Nexus\Modules\Exception\ExceptionServiceProvider->boot()
#3 /srv/http/projects/scheduler/nexus(16): Nexus\Bootstrap\Application->boot()
#4 {main}
[2025-11-12 21:08:48] [ERROR] Exception occurred {"message":"Too few arguments to function Nexus\\Modules\\Exception\\ExceptionServiceProvider::{closure:Nexus\\Modules\\Exception\\ExceptionServiceProvider::register():15}(), 0 passed in \/srv\/http\/projects\/scheduler\/core\/Bootstrap\/Container.php on line 35 and exactly 1 expected","file":"\/srv\/http\/projects\/scheduler\/core\/Modules\/Exception\/ExceptionServiceProvider.php","line":15,"code":0,"trace":"#0 \/srv\/http\/projects\/scheduler\/core\/Bootstrap\/Container.php(35): Nexus\\Modules\\Exception\\ExceptionServiceProvider->{closure:Nexus\\Modules\\Exception\\ExceptionServiceProvider::register():15}()\n#1 \/srv\/http\/projects\/scheduler\/core\/Modules\/Exception\/ExceptionServiceProvider.php(35): Nexus\\Bootstrap\\Container->make()\n#2 \/srv\/http\/projects\/scheduler\/core\/Bootstrap\/Application.php(34): Nexus\\Modules\\Exception\\ExceptionServiceProvider->boot()\n#3 \/srv\/http\/projects\/scheduler\/nexus(16): Nexus\\Bootstrap\\Application->boot()\n#4 {main}","url":null,"method":null,"user_agent":null,"ip":null,"timestamp":"2025-11-12 21:08:48"}
[2025-11-12 21:08:48] [ERROR] Exception: Too few arguments to function Nexus\Modules\Exception\ExceptionServiceProvider::{closure:Nexus\Modules\Exception\ExceptionServiceProvider::register():15}(), 0 passed in /srv/http/projects/scheduler/core/Bootstrap/Container.php on line 35 and exactly 1 expected
[2025-11-12 21:08:48] [ERROR] File: /srv/http/projects/scheduler/core/Modules/Exception/ExceptionServiceProvider.php:15
[2025-11-12 21:08:48] [ERROR] Stack trace:
[2025-11-12 21:08:48] [ERROR] #0 /srv/http/projects/scheduler/core/Bootstrap/Container.php(35): Nexus\Modules\Exception\ExceptionServiceProvider->{closure:Nexus\Modules\Exception\ExceptionServiceProvider::register():15}()
#1 /srv/http/projects/scheduler/core/Modules/Exception/ExceptionServiceProvider.php(35): Nexus\Bootstrap\Container->make()
#2 /srv/http/projects/scheduler/core/Bootstrap/Application.php(34): Nexus\Modules\Exception\ExceptionServiceProvider->boot()
#3 /srv/http/projects/scheduler/nexus(16): Nexus\Bootstrap\Application->boot()
#4 {main}
[2025-11-12 21:10:05] [ERROR] Exception occurred {"message":"Too few arguments to function Nexus\\Modules\\Exception\\ExceptionServiceProvider::{closure:Nexus\\Modules\\Exception\\ExceptionServiceProvider::register():15}(), 0 passed in \/srv\/http\/projects\/scheduler\/core\/Bootstrap\/Container.php on line 35 and exactly 1 expected","file":"\/srv\/http\/projects\/scheduler\/core\/Modules\/Exception\/ExceptionServiceProvider.php","line":15,"code":0,"trace":"#0 \/srv\/http\/projects\/scheduler\/core\/Bootstrap\/Container.php(35): Nexus\\Modules\\Exception\\ExceptionServiceProvider->{closure:Nexus\\Modules\\Exception\\ExceptionServiceProvider::register():15}()\n#1 \/srv\/http\/projects\/scheduler\/core\/Modules\/Exception\/ExceptionServiceProvider.php(35): Nexus\\Bootstrap\\Container->make()\n#2 \/srv\/http\/projects\/scheduler\/core\/Bootstrap\/Application.php(34): Nexus\\Modules\\Exception\\ExceptionServiceProvider->boot()\n#3 \/srv\/http\/projects\/scheduler\/nexus(16): Nexus\\Bootstrap\\Application->boot()\n#4 {main}","url":null,"method":null,"user_agent":null,"ip":null,"timestamp":"2025-11-12 21:10:05"}
[2025-11-12 21:10:05] [ERROR] Exception: Too few arguments to function Nexus\Modules\Exception\ExceptionServiceProvider::{closure:Nexus\Modules\Exception\ExceptionServiceProvider::register():15}(), 0 passed in /srv/http/projects/scheduler/core/Bootstrap/Container.php on line 35 and exactly 1 expected
[2025-11-12 21:10:05] [ERROR] File: /srv/http/projects/scheduler/core/Modules/Exception/ExceptionServiceProvider.php:15
[2025-11-12 21:10:05] [ERROR] Stack trace:
[2025-11-12 21:10:05] [ERROR] #0 /srv/http/projects/scheduler/core/Bootstrap/Container.php(35): Nexus\Modules\Exception\ExceptionServiceProvider->{closure:Nexus\Modules\Exception\ExceptionServiceProvider::register():15}()
#1 /srv/http/projects/scheduler/core/Modules/Exception/ExceptionServiceProvider.php(35): Nexus\Bootstrap\Container->make()
#2 /srv/http/projects/scheduler/core/Bootstrap/Application.php(34): Nexus\Modules\Exception\ExceptionServiceProvider->boot()
#3 /srv/http/projects/scheduler/nexus(16): Nexus\Bootstrap\Application->boot()
#4 {main}
[2025-11-12 21:11:10] [INFO] Request: GET /
[2025-11-12 21:11:10] [INFO] Response completed in 0ms
[2025-11-12 21:12:10] [INFO] Request: GET /test
[2025-11-12 21:12:10] [INFO] Response completed in 0.01ms
[2025-11-12 21:12:35] [INFO] Request: GET /test-error
[2025-11-12 21:12:35] [INFO] Response completed in 0ms
[2025-11-12 21:12:35] [ERROR] Exception occurred {"message":"This is a test error for demonstration purposes","file":"\/srv\/http\/projects\/scheduler\/public\/index.php","line":91,"code":500,"trace":"#0 {main}","url":"\/test-error","method":"GET","user_agent":"curl\/8.17.0","ip":"::1","timestamp":"2025-11-12 21:12:35"}
[2025-11-12 21:12:52] [INFO] Request: GET /test-error
[2025-11-12 21:12:52] [INFO] Response completed in 0.01ms
[2025-11-12 21:12:52] [ERROR] Exception occurred {"message":"This is a test error for demonstration purposes","file":"\/srv\/http\/projects\/scheduler\/public\/index.php","line":91,"code":500,"trace":"#0 {main}","url":"\/test-error","method":"GET","user_agent":"curl\/8.17.0","ip":"::1","timestamp":"2025-11-12 21:12:52"}
[2025-11-12 21:13:05] [INFO] Request: GET /test-error
[2025-11-12 21:13:05] [INFO] Response completed in 0.01ms
[2025-11-12 21:13:05] [ERROR] Exception occurred {"message":"This is a test error for demonstration purposes","file":"\/srv\/http\/projects\/scheduler\/public\/index.php","line":91,"code":500,"trace":"#0 {main}","url":"\/test-error","method":"GET","user_agent":"curl\/8.17.0","ip":"::1","timestamp":"2025-11-12 21:13:05"}
[2025-11-12 21:13:17] [INFO] Request: GET /test-error
[2025-11-12 21:13:17] [INFO] Response completed in 0ms
[2025-11-12 21:13:17] [ERROR] Exception occurred {"message":"This is a test error for demonstration purposes","file":"\/srv\/http\/projects\/scheduler\/public\/index.php","line":91,"code":500,"trace":"#0 {main}","url":"\/test-error","method":"GET","user_agent":"curl\/8.17.0","ip":"::1","timestamp":"2025-11-12 21:13:17"}
[2025-11-12 21:13:29] [ERROR] Exception occurred {"message":"Middleware 'throttle' not found","file":"\/srv\/http\/projects\/scheduler\/public\/index.php","line":91,"code":500,"trace":"#0 {main}","url":"\/test-validation","method":"POST","user_agent":"curl\/8.17.0","ip":"::1","timestamp":"2025-11-12 21:13:29"}
[2025-11-12 21:13:59] [ERROR] Exception occurred {"message":"Validation failed","file":"\/srv\/http\/projects\/scheduler\/public\/index.php","line":91,"code":500,"trace":"#0 {main}","url":"\/test-validation","method":"POST","user_agent":"curl\/8.17.0","ip":"::1","timestamp":"2025-11-12 21:13:59"}
[2025-11-13 14:34:16] [INFO] Request: GET /
[2025-11-13 14:34:16] [INFO] Response completed in 0ms
[2025-11-13 14:34:16] [ERROR] Exception occurred {"message":"The requested resource was not found","file":"\/srv\/http\/projects\/scheduler\/public\/index.php","line":94,"code":404,"trace":"#0 {main}","url":"\/favicon.ico","method":"GET","user_agent":"Mozilla\/5.0 (X11; Linux x86_64) AppleWebKit\/537.36 (KHTML, like Gecko) Chrome\/142.0.0.0 Safari\/537.36","ip":"::1","timestamp":"2025-11-13 14:34:16"}
[2025-11-13 14:35:34] [INFO] Request: GET /
[2025-11-13 14:35:34] [INFO] Response completed in 0ms
[2025-11-13 14:35:34] [ERROR] Exception occurred {"message":"The requested resource was not found","file":"\/srv\/http\/projects\/scheduler\/public\/index.php","line":94,"code":404,"trace":"#0 {main}","url":"\/favicon.ico","method":"GET","user_agent":"Mozilla\/5.0 (X11; Linux x86_64) AppleWebKit\/537.36 (KHTML, like Gecko) Chrome\/142.0.0.0 Safari\/537.36","ip":"127.0.0.1","timestamp":"2025-11-13 14:35:34"}
[2025-11-13 14:35:41] [INFO] Request: GET /
[2025-11-13 14:35:41] [INFO] Response completed in 0ms
[2025-11-13 14:35:41] [ERROR] Exception occurred {"message":"The requested resource was not found","file":"\/srv\/http\/projects\/scheduler\/public\/index.php","line":94,"code":404,"trace":"#0 {main}","url":"\/favicon.ico","method":"GET","user_agent":"Mozilla\/5.0 (X11; Linux x86_64) AppleWebKit\/537.36 (KHTML, like Gecko) Chrome\/142.0.0.0 Safari\/537.36","ip":"127.0.0.1","timestamp":"2025-11-13 14:35:41"}
[2025-11-13 14:48:31] [INFO] Request: GET /
[2025-11-13 14:48:31] [INFO] Response completed in 0ms
[2025-11-13 14:48:32] [ERROR] Exception occurred {"message":"The requested resource was not found","file":"\/srv\/http\/projects\/scheduler\/public\/index.php","line":94,"code":404,"trace":"#0 {main}","url":"\/favicon.ico","method":"GET","user_agent":"Mozilla\/5.0 (X11; Linux x86_64) AppleWebKit\/537.36 (KHTML, like Gecko) Chrome\/142.0.0.0 Safari\/537.36","ip":"127.0.0.1","timestamp":"2025-11-13 14:48:32"}
[2025-11-13 14:52:14] [INFO] Request: GET /
[2025-11-13 14:52:14] [INFO] Response completed in 0ms
[2025-11-13 14:52:14] [ERROR] Exception occurred {"message":"The requested resource was not found","file":"\/srv\/http\/projects\/scheduler\/public\/index.php","line":94,"code":404,"trace":"#0 {main}","url":"\/favicon.ico","method":"GET","user_agent":"Mozilla\/5.0 (X11; Linux x86_64) AppleWebKit\/537.36 (KHTML, like Gecko) Chrome\/142.0.0.0 Safari\/537.36","ip":"127.0.0.1","timestamp":"2025-11-13 14:52:14"}
[2025-11-13 15:07:42] [ERROR] Exception occurred {"message":"Call to undefined method Nexus\\Modules\\Console\\Commands\\MigrateCommand::success()","file":"\/srv\/http\/projects\/scheduler\/core\/Modules\/Console\/Commands\/MigrateCommand.php","line":36,"code":0,"trace":"#0 \/srv\/http\/projects\/scheduler\/core\/Modules\/Console\/Commands\/MigrateCommand.php(24): Nexus\\Modules\\Console\\Commands\\MigrateCommand->runMigrations()\n#1 \/srv\/http\/projects\/scheduler\/core\/Modules\/Console\/Kernel.php(88): Nexus\\Modules\\Console\\Commands\\MigrateCommand->handle()\n#2 \/srv\/http\/projects\/scheduler\/nexus(25): Nexus\\Modules\\Console\\Kernel->handle()\n#3 {main}","url":null,"method":null,"user_agent":null,"ip":null,"timestamp":"2025-11-13 15:07:42"}
[2025-11-13 15:07:42] [ERROR] Exception: Call to undefined method Nexus\Modules\Console\Commands\MigrateCommand::success()
[2025-11-13 15:07:42] [ERROR] File: /srv/http/projects/scheduler/core/Modules/Console/Commands/MigrateCommand.php:36
[2025-11-13 15:07:42] [ERROR] Stack trace:
[2025-11-13 15:07:42] [ERROR] #0 /srv/http/projects/scheduler/core/Modules/Console/Commands/MigrateCommand.php(24): Nexus\Modules\Console\Commands\MigrateCommand->runMigrations()
#1 /srv/http/projects/scheduler/core/Modules/Console/Kernel.php(88): Nexus\Modules\Console\Commands\MigrateCommand->handle()
#2 /srv/http/projects/scheduler/nexus(25): Nexus\Modules\Console\Kernel->handle()
#3 {main}
[2025-11-13 15:10:24] [ERROR] Exception occurred {"message":"Call to undefined method Nexus\\Modules\\Console\\Commands\\MigrateCommand::success()","file":"\/srv\/http\/projects\/scheduler\/core\/Modules\/Console\/Commands\/MigrateCommand.php","line":36,"code":0,"trace":"#0 \/srv\/http\/projects\/scheduler\/core\/Modules\/Console\/Commands\/MigrateCommand.php(24): Nexus\\Modules\\Console\\Commands\\MigrateCommand->runMigrations()\n#1 \/srv\/http\/projects\/scheduler\/core\/Modules\/Console\/Kernel.php(88): Nexus\\Modules\\Console\\Commands\\MigrateCommand->handle()\n#2 \/srv\/http\/projects\/scheduler\/nexus(25): Nexus\\Modules\\Console\\Kernel->handle()\n#3 {main}","url":null,"method":null,"user_agent":null,"ip":null,"timestamp":"2025-11-13 15:10:24"}
[2025-11-13 15:10:24] [ERROR] Exception: Call to undefined method Nexus\Modules\Console\Commands\MigrateCommand::success()
[2025-11-13 15:10:24] [ERROR] File: /srv/http/projects/scheduler/core/Modules/Console/Commands/MigrateCommand.php:36
[2025-11-13 15:10:24] [ERROR] Stack trace:
[2025-11-13 15:10:24] [ERROR] #0 /srv/http/projects/scheduler/core/Modules/Console/Commands/MigrateCommand.php(24): Nexus\Modules\Console\Commands\MigrateCommand->runMigrations()
#1 /srv/http/projects/scheduler/core/Modules/Console/Kernel.php(88): Nexus\Modules\Console\Commands\MigrateCommand->handle()
#2 /srv/http/projects/scheduler/nexus(25): Nexus\Modules\Console\Kernel->handle()
#3 {main}
[2025-11-13 15:11:08] [ERROR] Exception occurred {"message":"Call to undefined method Nexus\\Modules\\Console\\Commands\\MigrateCommand::success()","file":"\/srv\/http\/projects\/scheduler\/core\/Modules\/Console\/Commands\/MigrateCommand.php","line":57,"code":0,"trace":"#0 \/srv\/http\/projects\/scheduler\/core\/Modules\/Console\/Commands\/MigrateCommand.php(21): Nexus\\Modules\\Console\\Commands\\MigrateCommand->rollbackMigrations()\n#1 \/srv\/http\/projects\/scheduler\/core\/Modules\/Console\/Kernel.php(88): Nexus\\Modules\\Console\\Commands\\MigrateCommand->handle()\n#2 \/srv\/http\/projects\/scheduler\/nexus(25): Nexus\\Modules\\Console\\Kernel->handle()\n#3 {main}","url":null,"method":null,"user_agent":null,"ip":null,"timestamp":"2025-11-13 15:11:08"}
[2025-11-13 15:11:08] [ERROR] Exception: Call to undefined method Nexus\Modules\Console\Commands\MigrateCommand::success()
[2025-11-13 15:11:08] [ERROR] File: /srv/http/projects/scheduler/core/Modules/Console/Commands/MigrateCommand.php:57
[2025-11-13 15:11:08] [ERROR] Stack trace:
[2025-11-13 15:11:08] [ERROR] #0 /srv/http/projects/scheduler/core/Modules/Console/Commands/MigrateCommand.php(21): Nexus\Modules\Console\Commands\MigrateCommand->rollbackMigrations()
#1 /srv/http/projects/scheduler/core/Modules/Console/Kernel.php(88): Nexus\Modules\Console\Commands\MigrateCommand->handle()
#2 /srv/http/projects/scheduler/nexus(25): Nexus\Modules\Console\Kernel->handle()
#3 {main}
[2025-11-13 15:11:49] [ERROR] Exception occurred {"message":"Call to undefined method Nexus\\Modules\\Console\\Commands\\MigrateCommand::success()","file":"\/srv\/http\/projects\/scheduler\/core\/Modules\/Console\/Commands\/MigrateCommand.php","line":36,"code":0,"trace":"#0 \/srv\/http\/projects\/scheduler\/core\/Modules\/Console\/Commands\/MigrateCommand.php(24): Nexus\\Modules\\Console\\Commands\\MigrateCommand->runMigrations()\n#1 \/srv\/http\/projects\/scheduler\/core\/Modules\/Console\/Kernel.php(88): Nexus\\Modules\\Console\\Commands\\MigrateCommand->handle()\n#2 \/srv\/http\/projects\/scheduler\/nexus(25): Nexus\\Modules\\Console\\Kernel->handle()\n#3 {main}","url":null,"method":null,"user_agent":null,"ip":null,"timestamp":"2025-11-13 15:11:49"}
[2025-11-13 15:11:49] [ERROR] Exception: Call to undefined method Nexus\Modules\Console\Commands\MigrateCommand::success()
[2025-11-13 15:11:49] [ERROR] File: /srv/http/projects/scheduler/core/Modules/Console/Commands/MigrateCommand.php:36
[2025-11-13 15:11:49] [ERROR] Stack trace:
[2025-11-13 15:11:49] [ERROR] #0 /srv/http/projects/scheduler/core/Modules/Console/Commands/MigrateCommand.php(24): Nexus\Modules\Console\Commands\MigrateCommand->runMigrations()
#1 /srv/http/projects/scheduler/core/Modules/Console/Kernel.php(88): Nexus\Modules\Console\Commands\MigrateCommand->handle()
#2 /srv/http/projects/scheduler/nexus(25): Nexus\Modules\Console\Kernel->handle()
#3 {main}
[2025-11-13 15:12:15] [ERROR] Exception occurred {"message":"Call to undefined method Nexus\\Modules\\Console\\Commands\\MigrateCommand::success()","file":"\/srv\/http\/projects\/scheduler\/core\/Modules\/Console\/Commands\/MigrateCommand.php","line":57,"code":0,"trace":"#0 \/srv\/http\/projects\/scheduler\/core\/Modules\/Console\/Commands\/MigrateCommand.php(21): Nexus\\Modules\\Console\\Commands\\MigrateCommand->rollbackMigrations()\n#1 \/srv\/http\/projects\/scheduler\/core\/Modules\/Console\/Kernel.php(88): Nexus\\Modules\\Console\\Commands\\MigrateCommand->handle()\n#2 \/srv\/http\/projects\/scheduler\/nexus(25): Nexus\\Modules\\Console\\Kernel->handle()\n#3 {main}","url":null,"method":null,"user_agent":null,"ip":null,"timestamp":"2025-11-13 15:12:15"}
[2025-11-13 15:12:15] [ERROR] Exception: Call to undefined method Nexus\Modules\Console\Commands\MigrateCommand::success()
[2025-11-13 15:12:15] [ERROR] File: /srv/http/projects/scheduler/core/Modules/Console/Commands/MigrateCommand.php:57
[2025-11-13 15:12:15] [ERROR] Stack trace:
[2025-11-13 15:12:15] [ERROR] #0 /srv/http/projects/scheduler/core/Modules/Console/Commands/MigrateCommand.php(21): Nexus\Modules\Console\Commands\MigrateCommand->rollbackMigrations()
#1 /srv/http/projects/scheduler/core/Modules/Console/Kernel.php(88): Nexus\Modules\Console\Commands\MigrateCommand->handle()
#2 /srv/http/projects/scheduler/nexus(25): Nexus\Modules\Console\Kernel->handle()
#3 {main}
[2025-11-13 15:15:31] [INFO] Request: GET /
[2025-11-13 15:15:31] [INFO] Response completed in 0.01ms
[2025-11-13 15:15:31] [ERROR] Exception occurred {"message":"The requested resource was not found","file":"\/srv\/http\/projects\/scheduler\/public\/index.php","line":92,"code":404,"trace":"#0 {main}","url":"\/favicon.ico","method":"GET","user_agent":"Mozilla\/5.0 (X11; Linux x86_64) AppleWebKit\/537.36 (KHTML, like Gecko) Chrome\/142.0.0.0 Safari\/537.36","ip":"127.0.0.1","timestamp":"2025-11-13 15:15:31"}
[2025-11-13 15:16:49] [INFO] Request: GET /
[2025-11-13 15:16:49] [INFO] Response completed in 0ms
[2025-11-13 15:16:50] [ERROR] Exception occurred {"message":"The requested resource was not found","file":"\/srv\/http\/projects\/scheduler\/public\/index.php","line":92,"code":404,"trace":"#0 {main}","url":"\/favicon.ico","method":"GET","user_agent":"Mozilla\/5.0 (X11; Linux x86_64) AppleWebKit\/537.36 (KHTML, like Gecko) Chrome\/142.0.0.0 Safari\/537.36","ip":"127.0.0.1","timestamp":"2025-11-13 15:16:50"}
